<?xml version="1.0" encoding="UTF-8"?>
<testng-results ignored="0" total="1" passed="1" failed="0" skipped="0">
  <reporter-output>
  </reporter-output>
  <suite started-at="2022-10-25T09:05:11Z" name="Suite" finished-at="2022-10-25T09:06:19Z" duration-ms="68089">
    <groups>
    </groups>
    <test started-at="2022-10-25T09:05:11Z" name="Test" finished-at="2022-10-25T09:06:19Z" duration-ms="68089">
      <class name="com.Salesforce.Scripts.CreateAndVerifyOpportunity">
        <test-method is-config="true" signature="setUp()[pri:0, instance:com.Salesforce.Scripts.CreateAndVerifyOpportunity@5d43661b]" started-at="2022-10-25T09:05:11Z" name="setUp" finished-at="2022-10-25T09:05:36Z" duration-ms="24620" status="PASS">
          <reporter-output>
          </reporter-output>
        </test-method> <!-- setUp -->
        <test-method is-config="true" signature="signinToSalesforce()[pri:0, instance:com.Salesforce.Scripts.CreateAndVerifyOpportunity@5d43661b]" started-at="2022-10-25T09:05:36Z" name="signinToSalesforce" finished-at="2022-10-25T09:05:44Z" duration-ms="7832" status="PASS">
          <reporter-output>
          </reporter-output>
        </test-method> <!-- signinToSalesforce -->
        <test-method signature="verifyOpportunities()[pri:0, instance:com.Salesforce.Scripts.CreateAndVerifyOpportunity@5d43661b]" started-at="2022-10-25T09:05:44Z" name="verifyOpportunities" finished-at="2022-10-25T09:06:17Z" duration-ms="33770" status="PASS">
          <reporter-output>
          </reporter-output>
        </test-method> <!-- verifyOpportunities -->
        <test-method is-config="true" signature="signOutToSalesforce()[pri:0, instance:com.Salesforce.Scripts.CreateAndVerifyOpportunity@5d43661b]" started-at="2022-10-25T09:06:17Z" name="signOutToSalesforce" finished-at="2022-10-25T09:06:19Z" duration-ms="1386" status="PASS">
          <reporter-output>
          </reporter-output>
        </test-method> <!-- signOutToSalesforce -->
        <test-method is-config="true" signature="tearDown()[pri:0, instance:com.Salesforce.Scripts.CreateAndVerifyOpportunity@5d43661b]" started-at="2022-10-25T09:06:19Z" name="tearDown" finished-at="2022-10-25T09:06:19Z" duration-ms="346" status="PASS">
          <reporter-output>
          </reporter-output>
        </test-method> <!-- tearDown -->
      </class> <!-- com.Salesforce.Scripts.CreateAndVerifyOpportunity -->
    </test> <!-- Test -->
  </suite> <!-- Suite -->
</testng-results>
